<?xml version="1.0" encoding="UTF-8"?>
<!-- Generated by org.testng.reporters.JUnitXMLReporter -->
<testsuite ignored="0" hostname="AHS-LP-181" failures="0" tests="3" name="Test1" time="60.737" errors="0" timestamp="2022-04-19T01:37:25 IST">
  <testcase classname="com.test.Parametersdemo" name="browserDetails" time="46.644"/>
  <testcase classname="com.test.Parametersdemo" name="urlAccess" time="7.23"/>
  <testcase classname="com.test.Parametersdemo" name="enterText" time="6.682"/>
</testsuite> <!-- Test1 -->
