<?xml version="1.0" encoding="UTF-8"?>
<!-- Generated by org.testng.reporters.JUnitXMLReporter -->
<testsuite ignored="0" hostname="AHS-LP-181" failures="0" tests="3" name="Test1" time="18.49" errors="0" timestamp="2022-04-07T19:42:57 IST">
  <testcase classname="test.test.Parametersdemo" name="browserDetails" time="11.393"/>
  <testcase classname="test.test.Parametersdemo" name="urlAccess" time="3.147"/>
  <testcase classname="test.test.Parametersdemo" name="enterText" time="3.846"/>
</testsuite> <!-- Test1 -->
