<?xml version="1.0" encoding="UTF-8"?>
<!-- Generated by org.testng.reporters.JUnitXMLReporter -->
<testsuite ignored="3" hostname="AHS-LP-181" failures="0" tests="4" name="GCAccess" time="62.861" errors="0" timestamp="2022-04-19T20:16:42 IST">
  <testcase classname="com.cm.LogintoGC" name="loginGC" time="29.432"/>
  <testcase classname="com.cm.AccessMember" name="accessMember" time="11.011"/>
  <testcase classname="com.cm.NavtoActivityrecord" name="navToActivityrecordsection" time="4.282"/>
  <testcase classname="com.cm.NotesAdd" name="addNotes" time="18.019"/>
  <testcase classname="com.cm.LogintoGC" name="loginGC" time="0.0">
    <ignored/>
  </testcase> <!-- loginGC -->
  <testcase classname="com.cm.LogintoGC" name="loginGC" time="0.0">
    <ignored/>
  </testcase> <!-- loginGC -->
  <testcase classname="com.cm.LogintoGC" name="loginGC" time="0.0">
    <ignored/>
  </testcase> <!-- loginGC -->
</testsuite> <!-- GCAccess -->
