<?xml version="1.0" encoding="UTF-8"?>
<!-- Generated by org.testng.reporters.JUnitXMLReporter -->
<testsuite ignored="0" hostname="AHS-LP-181" failures="2" tests="2" name="Test" time="58.948" errors="0" timestamp="2022-04-14T00:21:07 IST">
  <testcase classname="test.test.ParallelExecution" name="excelMultirecords" time="39.004">
    <failure type="java.lang.NullPointerException" message="Cannot invoke &amp;quot;org.openqa.selenium.WebDriver.get(String)&amp;quot; because &amp;quot;test.test.ParallelExecution.driver&amp;quot; is null">
      <![CDATA[java.lang.NullPointerException: Cannot invoke "org.openqa.selenium.WebDriver.get(String)" because "test.test.ParallelExecution.driver" is null
at test.test.ParallelExecution.excelMultirecords(ParallelExecution.java:18)
at java.base/java.util.ArrayList.forEach(ArrayList.java:1511)
... Removed 27 stack frames]]>
    </failure>
  </testcase> <!-- excelMultirecords -->
  <testcase classname="test.test.ParallelExecution" name="excelMultirecords" time="12.521">
    <failure type="java.lang.NullPointerException" message="Cannot invoke &amp;quot;org.openqa.selenium.WebDriver.get(String)&amp;quot; because &amp;quot;test.test.ParallelExecution.driver&amp;quot; is null">
      <![CDATA[java.lang.NullPointerException: Cannot invoke "org.openqa.selenium.WebDriver.get(String)" because "test.test.ParallelExecution.driver" is null
at test.test.ParallelExecution.excelMultirecords(ParallelExecution.java:18)
at java.base/java.util.ArrayList.forEach(ArrayList.java:1511)
... Removed 27 stack frames]]>
    </failure>
  </testcase> <!-- excelMultirecords -->
</testsuite> <!-- Test -->
