<?xml version="1.0" encoding="UTF-8"?>
<!-- Generated by org.testng.reporters.JUnitXMLReporter -->
<testsuite ignored="1" hostname="AHS-LP-181" failures="0" tests="3" name="Prioritytest" time="0.103" errors="0" timestamp="2022-04-07T19:29:36 IST">
  <testcase classname="test.test.PriorityTestNG" name="signup" time="0.013"/>
  <testcase classname="test.test.PriorityTestNG" name="login" time="0.002"/>
  <testcase classname="test.test.PriorityTestNG" name="bookingPage" time="0.002"/>
  <testcase classname="test.test.PriorityTestNG" name="selectRoute" time="0.0">
    <ignored/>
  </testcase> <!-- selectRoute -->
</testsuite> <!-- Prioritytest -->
