<?xml version="1.0" encoding="UTF-8"?>
<!-- Generated by org.testng.reporters.JUnitXMLReporter -->
<testsuite ignored="0" hostname="AHS-LP-181" failures="0" tests="6" name="Group dependencies" time="0.147" errors="0" timestamp="2022-04-11T15:15:14 IST">
  <testcase classname="test.test.GroupDependencies" name="login1" time="0.016"/>
  <testcase classname="test.test.GroupDependencies" name="selectRoute" time="0.004"/>
  <testcase classname="test.test.GroupDependencies" name="signup" time="0.004"/>
  <testcase classname="test.test.GroupDependencies" name="bookingPage" time="0.002"/>
  <testcase classname="test.test.GroupDependencies" name="login2" time="0.006"/>
  <testcase classname="test.test.GroupDependencies" name="login" time="0.003"/>
</testsuite> <!-- Group dependencies -->
