<?xml version="1.0" encoding="UTF-8"?>
<!-- Generated by org.testng.reporters.JUnitXMLReporter -->
<testsuite ignored="3" hostname="AHS-LP-181" failures="0" tests="1" name="Verify the info" time="0.099" errors="0" timestamp="2022-04-04T21:52:20 IST">
  <testcase classname="test.test.testNgdemo1" name="verifyinfo" time="0.092"/>
  <testcase classname="test.test.testNgdemo1" name="credentials" time="0.0">
    <ignored/>
  </testcase> <!-- credentials -->
  <testcase classname="test.test.testNgdemo1" name="myinfo" time="0.0">
    <ignored/>
  </testcase> <!-- myinfo -->
  <testcase classname="test.test.testNgdemo1" name="testing" time="0.0">
    <ignored/>
  </testcase> <!-- testing -->
</testsuite> <!-- Verify the info -->
