<?xml version="1.0" encoding="UTF-8"?>
<testng-results ignored="1" total="2" passed="1" failed="0" skipped="0">
  <reporter-output>
  </reporter-output>
  <suite started-at="2022-04-22T01:13:54 IST" name="Default suite" finished-at="2022-04-22T01:14:38 IST" duration-ms="43295">
    <groups>
    </groups>
    <test started-at="2022-04-22T01:13:54 IST" name="Default test" finished-at="2022-04-22T01:14:38 IST" duration-ms="43295">
      <class name="com.shushil.SuushulPage2">
        <test-method signature="page2()[pri:0, instance:com.shushil.SuushulPage2@59505b48]" started-at="2022-04-22T01:13:54 IST" name="page2" finished-at="2022-04-22T01:14:38 IST" duration-ms="43209" status="PASS">
          <reporter-output>
          </reporter-output>
        </test-method> <!-- page2 -->
      </class> <!-- com.shushil.SuushulPage2 -->
    </test> <!-- Default test -->
  </suite> <!-- Default suite -->
</testng-results>
